Checking "python3" ...
Python 3.11.2
"python3" has been detected
Activating ESP-IDF 5.5
Setting IDF_PATH to '/Users/alex/esp/esp-idf'.
* Checking python version ... 3.11.2
* Checking python dependencies ... OK
* Deactivating the current ESP-IDF environment (if any) ... OK
* Establishing a new ESP-IDF environment ... OK
* Identifying shell ... bash
* Detecting outdated tools in system ... OK - no outdated tools found
* Shell completion ... Autocompletion code generated
WARNING: Failed to load shell autocompletion for bash version: 3.2.57(1)-release!

Done! You can now compile ESP-IDF projects.
Go to the project directory and run:

  idf.py build
Executing action: flash
Running ninja in directory /Users/alex/Developer/CodexUSB/USB2BLE/build
Executing "ninja flash"...
[1/5] cd /Users/alex/Developer/CodexUSB/USB2BLE/build/esp-idf/esptool_py && /Users/alex/.espressif/python_env/idf5.5_py3.11_env/bin/python /Users/alex/esp/esp-idf/components/partition_table/check_sizes.py --offset 0x8000 partition --type app /Users/alex/Developer/CodexUSB/USB2BLE/build/partition_table/partition-table.bin /Users/alex/Developer/CodexUSB/USB2BLE/build/charm.bin
charm.bin binary size 0x8e990 bytes. Smallest app partition is 0x100000 bytes. 0x71670 bytes (44%) free.
[2/5] Performing build step for 'bootloader'
[1/1] cd /Users/alex/Developer/CodexUSB/USB2BLE/build/bootloader/esp-idf/esptool_py && /Users/alex/.espressif/python_env/idf5.5_py3.11_env/bin/python /Users/alex/esp/esp-idf/components/partition_table/check_sizes.py --offset 0x8000 bootloader 0x0 /Users/alex/Developer/CodexUSB/USB2BLE/build/bootloader/bootloader.bin
Bootloader binary size 0x5160 bytes. 0x2ea0 bytes (36%) free.
[3/5] No install step for 'bootloader'
[4/5] Completed 'bootloader'
[4/5] cd /Users/alex/esp/esp-idf/components/esptool_py && /usr/local/bin/cmake -D IDF_PATH=/Users/alex/esp/esp-idf -D "SERIAL_TOOL=/Users/alex/.espressif/python_env/idf5.5_py3.11_env/bin/python;;/Users/alex/esp/esp-idf/components/esptool_py/esptool/esptool.py;--chip;esp32s3" -D "SERIAL_TOOL_ARGS=--before=default_reset;--after=hard_reset;write_flash;@flash_args" -D WORKING_DIRECTORY=/Users/alex/Developer/CodexUSB/USB2BLE/build -P /Users/alex/esp/esp-idf/components/esptool_py/run_serial_tool.cmake
esptool.py --chip esp32s3 -p /dev/cu.wchusbserial5B5E0200881 -b 460800 --before=default_reset --after=hard_reset write_flash --flash_mode dio --flash_freq 80m --flash_size 2MB 0x0 bootloader/bootloader.bin 0x10000 charm.bin 0x8000 partition_table/partition-table.bin
esptool.py v4.12.dev1
Serial port /dev/cu.wchusbserial5B5E0200881
Connecting....
Chip is ESP32-S3 (QFN56) (revision v0.2)
Features: WiFi, BLE, Embedded PSRAM 8MB (AP_3v3)
Crystal is 40MHz
MAC: 90:70:69:07:0d:7c
Uploading stub...
Running stub...
Stub running...
Changing baud rate to 460800
Changed.
Configuring flash size...
Flash will be erased from 0x00000000 to 0x00005fff...
Flash will be erased from 0x00010000 to 0x0009efff...
Flash will be erased from 0x00008000 to 0x00008fff...
SHA digest in image updated
Compressed 20832 bytes to 13346...
Writing at 0x00000000... (100 %)
Wrote 20832 bytes (13346 compressed) at 0x00000000 in 0.5 seconds (effective 311.1 kbit/s)...
Hash of data verified.
Compressed 584080 bytes to 309888...
Writing at 0x00010000... (5 %)
Writing at 0x0001c631... (10 %)
Writing at 0x0002817f... (15 %)
Writing at 0x0002e747... (21 %)
Writing at 0x0003469f... (26 %)
Writing at 0x0003ade9... (31 %)
Writing at 0x00041780... (36 %)
Writing at 0x00048473... (42 %)
Writing at 0x0004ee26... (47 %)
Writing at 0x00054f34... (52 %)
Writing at 0x0005b0a4... (57 %)
Writing at 0x00062690... (63 %)
Writing at 0x0006a71b... (68 %)
Writing at 0x00071ba4... (73 %)
Writing at 0x00079bb8... (78 %)
Writing at 0x0008022f... (84 %)
Writing at 0x00089717... (89 %)
Writing at 0x00091827... (94 %)
Writing at 0x000989b3... (100 %)
Wrote 584080 bytes (309888 compressed) at 0x00010000 in 7.1 seconds (effective 656.2 kbit/s)...
Hash of data verified.
Compressed 3072 bytes to 103...
Writing at 0x00008000... (100 %)
Wrote 3072 bytes (103 compressed) at 0x00008000 in 0.0 seconds (effective 675.4 kbit/s)...
Hash of data verified.

Leaving...
Hard resetting via RTS pin...
Done
