Checking "python3" ...
Python 3.11.2
"python3" has been detected
Activating ESP-IDF 5.5
Setting IDF_PATH to '/Users/alex/esp/esp-idf'.
* Checking python version ... 3.11.2
* Checking python dependencies ... OK
* Deactivating the current ESP-IDF environment (if any) ... OK
* Establishing a new ESP-IDF environment ... OK
* Identifying shell ... bash
* Detecting outdated tools in system ... OK - no outdated tools found
* Shell completion ... Autocompletion code generated
WARNING: Failed to load shell autocompletion for bash version: 3.2.57(1)-release!

Done! You can now compile ESP-IDF projects.
Go to the project directory and run:

  idf.py build
Executing action: all (aliases: build)
Running ninja in directory /Users/alex/Developer/CodexUSB/USB2BLE/build
Executing "ninja all"...
[1/10] Performing build step for 'bootloader'
[1/1] cd /Users/alex/Developer/CodexUSB/USB2BLE/build/bootloader/esp-idf/esptool_py && /Users/alex/.espressif/python_env/idf5.5_py3.11_env/bin/python /Users/alex/esp/esp-idf/components/partition_table/check_sizes.py --offset 0x8000 bootloader 0x0 /Users/alex/Developer/CodexUSB/USB2BLE/build/bootloader/bootloader.bin
Bootloader binary size 0x5160 bytes. 0x2ea0 bytes (36%) free.
[2/10] No install step for 'bootloader'
[3/10] Completed 'bootloader'
[4/10] Building CXX object esp-idf/charm_app/CMakeFiles/__idf_charm_app.dir/src/config_transport_runtime_adapter.cpp.obj
[5/10] Building CXX object esp-idf/charm_app/CMakeFiles/__idf_charm_app.dir/src/app_bootstrap.cpp.obj
[6/10] Linking C static library esp-idf/charm_app/libcharm_app.a
[7/10] Generating esp-idf/esp_system/ld/sections.ld
[8/10] Linking CXX executable charm.elf
[9/10] Generating binary image from built executable
esptool.py v4.12.dev1
Creating esp32s3 image...
Merged 2 ELF sections
Successfully created esp32s3 image.
Generated /Users/alex/Developer/CodexUSB/USB2BLE/build/charm.bin
[10/10] cd /Users/alex/Developer/CodexUSB/USB2BLE/build/esp-idf/esptool_py && /Users/alex/.espressif/python_env/idf5.5_py3.11_env/bin/python /Users/alex/esp/esp-idf/components/partition_table/check_sizes.py --offset 0x8000 partition --type app /Users/alex/Developer/CodexUSB/USB2BLE/build/partition_table/partition-table.bin /Users/alex/Developer/CodexUSB/USB2BLE/build/charm.bin
charm.bin binary size 0x8ead0 bytes. Smallest app partition is 0x100000 bytes. 0x71530 bytes (44%) free.

Project build complete. To flash, run:
 idf.py flash
or
 idf.py -p PORT flash
or
 python -m esptool --chip esp32s3 -b 460800 --before default_reset --after hard_reset write_flash --flash_mode dio --flash_size 2MB --flash_freq 80m 0x0 build/bootloader/bootloader.bin 0x8000 build/partition_table/partition-table.bin 0x10000 build/charm.bin
or from the "/Users/alex/Developer/CodexUSB/USB2BLE/build" directory
 python -m esptool --chip esp32s3 -b 460800 --before default_reset --after hard_reset write_flash "@flash_args"
