[  2%] Built target gtest
[ 26%] Built target charm_core_obj
[ 28%] Built target gmock
[ 31%] Built target gtest_main
[ 35%] Built target test_runtime_data_plane
[ 39%] Built target test_ble_transport_adapter
[ 43%] Built target test_config_transport_service
[ 47%] Built target test_profile_manager
[ 56%] Built target test_supervisor
[ 56%] Built target test_recovery_policy
[ 58%] Built target test_startup_storage_lifecycle
[ 65%] Built target test_logical_state
[ 65%] Built target test_device_registry
[ 69%] Built target test_profile_generic_gamepad_encoder
[ 75%] Built target test_config_transport_runtime_adapter
[ 75%] Built target test_config_compiler
[ 76%] Built target test_config_activation
[ 82%] Built target gmock_main
[ 82%] Built target test_mapping_bundle
[ 84%] Built target test_hid_decoder
[ 87%] Built target test_hid_semantic_model
[ 91%] Built target test_decode_plan
[ 93%] Built target test_profile_wireless_xbox_controller_encoder
[ 97%] Built target test_usb_host_adapter
[100%] Built target test_mapping_engine
real 0.88
user 1.98
sys 0.71
