
> ai-studio-applet@0.1.0 build
> next build

   ▲ Next.js 15.5.14

   Creating an optimized production build ...
 ✓ Compiled successfully in 5.7s
   Skipping linting
   Checking validity of types ...
   Collecting page data ...
   Generating static pages (0/4) ...
   Generating static pages (1/4) 
   Generating static pages (2/4) 
   Generating static pages (3/4) 
 ✓ Generating static pages (4/4)
   Finalizing page optimization ...
   Collecting build traces ...
   Exporting (0/2) ...
 ✓ Exporting (2/2)

Route (app)                                 Size  First Load JS
┌ ○ /                                    48.1 kB         151 kB
└ ○ /_not-found                            994 B         103 kB
+ First Load JS shared by all             102 kB
  ├ chunks/255-97d5c748e5d9c284.js       45.9 kB
  ├ chunks/4bd1b696-21f374d1156f834a.js  54.2 kB
  └ other shared chunks (total)          2.33 kB


○  (Static)  prerendered as static content

real 32.94
user 45.63
sys 4.39
